MPChart/build/outputs/logs/manifest-merger-debug-report.txt
-- Merging decision tree log ---
manifest
ADDED from inwecrypto/MPChart/AndroidManifest.xml:2:1-13:12
INJECTED from inwecrypto/MPChart/AndroidManifest.xml:2:1-13:12
INJECTED from inwecrypto/MPChart/AndroidManifest.xml:2:1-13:12
INJECTED from inwecrypto/MPChart/AndroidManifest.xml:2:1-13:12
INJECTED from inwecrypto/MPChart/AndroidManifest.xml:2:1-13:12
INJECTED from inwecrypto/MPChart/AndroidManifest.xml:2:1-13:12
INJECTED from inwecrypto/MPChart/AndroidManifest.xml:2:1-13:12
	package
		ADDED from inwecrypto/MPChart/AndroidManifest.xml:2:11-49
		INJECTED from inwecrypto/MPChart/AndroidManifest.xml
		INJECTED from inwecrypto/MPChart/AndroidManifest.xml
	android:versionName
		INJECTED from inwecrypto/MPChart/AndroidManifest.xml
		ADDED from inwecrypto/MPChart/AndroidManifest.xml:2:1-13:12
		INJECTED from inwecrypto/MPChart/AndroidManifest.xml
	xmlns:android
		ADDED from inwecrypto/MPChart/AndroidManifest.xml:2:1-13:12
	android:versionCode
		INJECTED from inwecrypto/MPChart/AndroidManifest.xml
		ADDED from inwecrypto/MPChart/AndroidManifest.xml:2:1-13:12
		INJECTED from inwecrypto/MPChart/AndroidManifest.xml
uses-sdk
INJECTED from inwecrypto/MPChart/AndroidManifest.xml reason: use-sdk injection requested
INJECTED from inwecrypto/MPChart/AndroidManifest.xml
INJECTED from inwecrypto/MPChart/AndroidManifest.xml
INJECTED from inwecrypto/MPChart/AndroidManifest.xml
INJECTED from inwecrypto/MPChart/AndroidManifest.xml
	android:targetSdkVersion
		INJECTED from inwecrypto/MPChart/AndroidManifest.xml
		ADDED from inwecrypto/MPChart/AndroidManifest.xml
		INJECTED from inwecrypto/MPChart/AndroidManifest.xml
	android:minSdkVersion
		INJECTED from inwecrypto/MPChart/AndroidManifest.xml
		ADDED from inwecrypto/MPChart/AndroidManifest.xml
		INJECTED from inwecrypto/MPChart/AndroidManifest.xml